[debug] [2023-06-17T15:55:08.360Z] ----------------------------------------------------------------------
[debug] [2023-06-17T15:55:08.363Z] Command:       C:\Program Files\nodejs\node.exe C:\Users\SAIKAT\AppData\Roaming\npm\node_modules\firebase-tools\lib\bin\firebase.js init
[debug] [2023-06-17T15:55:08.364Z] CLI Version:   12.4.0
[debug] [2023-06-17T15:55:08.364Z] Platform:      win32
[debug] [2023-06-17T15:55:08.364Z] Node Version:  v16.17.0
[debug] [2023-06-17T15:55:08.377Z] Time:          Sat Jun 17 2023 21:55:08 GMT+0600 (Bangladesh Standard Time)
[debug] [2023-06-17T15:55:08.377Z] ----------------------------------------------------------------------
[debug] 
[debug] [2023-06-17T15:55:08.382Z] >>> [apiv2][query] GET https://firebase-public.firebaseio.com/cli.json [none]
[debug] [2023-06-17T15:55:08.453Z] > command requires scopes: ["email","openid","https://www.googleapis.com/auth/cloudplatformprojects.readonly","https://www.googleapis.com/auth/firebase","https://www.googleapis.com/auth/cloud-platform"]
[debug] [2023-06-17T15:55:08.454Z] > authorizing via signed-in user (saikatdatta36@gmail.com)
[info] 
     ######## #### ########  ######## ########     ###     ######  ########
     ##        ##  ##     ## ##       ##     ##  ##   ##  ##       ##
     ######    ##  ########  ######   ########  #########  ######  ######
     ##        ##  ##    ##  ##       ##     ## ##     ##       ## ##
     ##       #### ##     ## ######## ########  ##     ##  ######  ########

You're about to initialize a Firebase project in this directory:

  E:\html\react\doctor-strange\doctors-portal2

[debug] [2023-06-17T15:55:09.335Z] <<< [apiv2][status] GET https://firebase-public.firebaseio.com/cli.json 200
[debug] [2023-06-17T15:55:09.335Z] <<< [apiv2][body] GET https://firebase-public.firebaseio.com/cli.json {"cloudBuildErrorAfter":1594252800000,"cloudBuildWarnAfter":1590019200000,"defaultNode10After":1594252800000,"minVersion":"3.0.5","node8DeploysDisabledAfter":1613390400000,"node8RuntimeDisabledAfter":1615809600000,"node8WarnAfter":1600128000000}
[info] 
=== Project Setup
[info] 
[info] First, let's associate this project directory with a Firebase project.
[info] You can create multiple project aliases by running firebase use --add, 
[info] but for now we'll just set up a default project.
[info] 
[debug] [2023-06-17T15:56:13.550Z] > refreshing access token with scopes: []
[debug] [2023-06-17T15:56:13.552Z] >>> [apiv2][query] POST https://www.googleapis.com/oauth2/v3/token [none]
[debug] [2023-06-17T15:56:13.552Z] >>> [apiv2][body] POST https://www.googleapis.com/oauth2/v3/token [omitted]
[debug] [2023-06-17T15:56:14.083Z] <<< [apiv2][status] POST https://www.googleapis.com/oauth2/v3/token 400
[debug] [2023-06-17T15:56:14.083Z] <<< [apiv2][body] POST https://www.googleapis.com/oauth2/v3/token [omitted]
[debug] [2023-06-17T15:56:14.085Z] >>> [apiv2][query] GET https://firebase.googleapis.com/v1beta1/projects pageSize=100
[debug] [2023-06-17T15:56:14.628Z] <<< [apiv2][status] GET https://firebase.googleapis.com/v1beta1/projects 401
[debug] [2023-06-17T15:56:14.628Z] <<< [apiv2][body] GET https://firebase.googleapis.com/v1beta1/projects [omitted]
[debug] [2023-06-17T15:56:14.629Z] HTTP Error: 401, Request had invalid authentication credentials. Expected OAuth 2 access token, login cookie or other valid authentication credential. See https://developers.google.com/identity/sign-in/web/devconsole-project.
[debug] [2023-06-17T15:56:15.089Z] FirebaseError: HTTP Error: 401, Request had invalid authentication credentials. Expected OAuth 2 access token, login cookie or other valid authentication credential. See https://developers.google.com/identity/sign-in/web/devconsole-project.
    at responseToError (C:\Users\SAIKAT\AppData\Roaming\npm\node_modules\firebase-tools\lib\responseToError.js:49:12)
    at RetryOperation._fn (C:\Users\SAIKAT\AppData\Roaming\npm\node_modules\firebase-tools\lib\apiv2.js:288:77)
    at processTicksAndRejections (node:internal/process/task_queues:96:5)
[error] 
[error] Error: Failed to list Firebase projects. See firebase-debug.log for more info.
[debug] [2023-06-17T15:56:58.039Z] ----------------------------------------------------------------------
[debug] [2023-06-17T15:56:58.043Z] Command:       C:\Program Files\nodejs\node.exe C:\Users\SAIKAT\AppData\Roaming\npm\node_modules\firebase-tools\lib\bin\firebase.js init
[debug] [2023-06-17T15:56:58.044Z] CLI Version:   12.4.0
[debug] [2023-06-17T15:56:58.044Z] Platform:      win32
[debug] [2023-06-17T15:56:58.044Z] Node Version:  v16.17.0
[debug] [2023-06-17T15:56:58.046Z] Time:          Sat Jun 17 2023 21:56:58 GMT+0600 (Bangladesh Standard Time)
[debug] [2023-06-17T15:56:58.047Z] ----------------------------------------------------------------------
[debug] 
[debug] [2023-06-17T15:56:58.059Z] > command requires scopes: ["email","openid","https://www.googleapis.com/auth/cloudplatformprojects.readonly","https://www.googleapis.com/auth/firebase","https://www.googleapis.com/auth/cloud-platform"]
[debug] [2023-06-17T15:56:58.059Z] > authorizing via signed-in user (saikatdatta36@gmail.com)
[info] 
     ######## #### ########  ######## ########     ###     ######  ########
     ##        ##  ##     ## ##       ##     ##  ##   ##  ##       ##
     ######    ##  ########  ######   ########  #########  ######  ######
     ##        ##  ##    ##  ##       ##     ## ##     ##       ## ##
     ##       #### ##     ## ######## ########  ##     ##  ######  ########

You're about to initialize a Firebase project in this directory:

  E:\html\react\doctor-strange\doctors-portal2

